<?xml version="1.0" encoding="UTF-8"?>
<!-- Generated by org.testng.reporters.JUnitReportReporter -->
<testsuite hostname="DESKTOP-N48P201" failures="0" tests="1" name="test.TC_01" time="4.919" errors="0" timestamp="2025-05-04T03:32:46 IST" skipped="0">
  <testcase classname="test.TC_01" name="login" time="4.919"/>
</testsuite> <!-- test.TC_01 -->
