<?xml version="1.0" encoding="UTF-8"?>
<!-- Generated by org.testng.reporters.JUnitReportReporter -->
<testsuite hostname="DESKTOP-N48P201" failures="0" tests="3" name="test.TC_01" time="13.721" errors="0" timestamp="2025-05-11T00:28:16 IST" skipped="0">
  <testcase classname="test.TC_01" name="login" time="4.546"/>
  <testcase classname="test.TC_01" name="login" time="4.290"/>
  <testcase classname="test.TC_01" name="login" time="4.885"/>
</testsuite> <!-- test.TC_01 -->
