<?xml version="1.0" encoding="UTF-8"?>
<!-- Generated by org.testng.reporters.JUnitReportReporter -->
<testsuite hostname="DESKTOP-N48P201" failures="0" tests="1" name="test.TC_02" time="8.344" errors="0" timestamp="2025-05-11T05:13:36 IST" skipped="0">
  <testcase classname="test.TC_02" name="login" time="8.344"/>
</testsuite> <!-- test.TC_02 -->
